\BOOKMARK [0][-]{chapter*.2}{List of Figures}{}% 1
\BOOKMARK [0][-]{chapter*.3}{List of Tables}{}% 2
\BOOKMARK [-2][-]{book.1}{ Book book: Undergraduate Courses }{}% 3
\BOOKMARK [-1][-]{part.1}{Coursework: Mathematics}{book.1}% 4
\BOOKMARK [0][-]{chapter.1}{Elementary Algebra}{part.1}% 5
\BOOKMARK [1][-]{section.1.1}{North Shore Placement Exam}{chapter.1}% 6
\BOOKMARK [2][-]{subsection.1.1.1}{Order of Operations}{section.1.1}% 7
\BOOKMARK [2][-]{subsection.1.1.2}{Scientific Notation}{section.1.1}% 8
\BOOKMARK [2][-]{subsection.1.1.3}{Substitution}{section.1.1}% 9
\BOOKMARK [2][-]{subsection.1.1.4}{Linear Equations in One Variable}{section.1.1}% 10
\BOOKMARK [2][-]{subsection.1.1.5}{Formulas}{section.1.1}% 11
\BOOKMARK [2][-]{subsection.1.1.6}{Word Problems}{section.1.1}% 12
\BOOKMARK [2][-]{subsection.1.1.7}{Inequalities}{section.1.1}% 13
\BOOKMARK [2][-]{subsection.1.1.8}{Exponents and Polynomials}{section.1.1}% 14
\BOOKMARK [2][-]{subsection.1.1.9}{Factoring}{section.1.1}% 15
\BOOKMARK [2][-]{subsection.1.1.10}{Quadratic Expressions}{section.1.1}% 16
\BOOKMARK [2][-]{subsection.1.1.11}{Rational Expressions}{section.1.1}% 17
\BOOKMARK [2][-]{subsection.1.1.12}{Graphing}{section.1.1}% 18
\BOOKMARK [2][-]{subsection.1.1.13}{Systems of Equations}{section.1.1}% 19
\BOOKMARK [2][-]{subsection.1.1.14}{Radicals}{section.1.1}% 20
\BOOKMARK [1][-]{section.1.2}{Miscellaneous Notes}{chapter.1}% 21
\BOOKMARK [2][-]{subsection.1.2.1}{The Language of Mathematics}{section.1.2}% 22
\BOOKMARK [2][-]{subsection.1.2.2}{Equations and Inequalities}{section.1.2}% 23
\BOOKMARK [2][-]{subsection.1.2.3}{Linear Equations in One Variable}{section.1.2}% 24
\BOOKMARK [0][-]{chapter.2}{Calculus I}{part.1}% 25
\BOOKMARK [1][-]{section.2.1}{Exams}{chapter.2}% 26
\BOOKMARK [2][-]{subsection.2.1.1}{CLEP Exam}{section.2.1}% 27
\BOOKMARK [2][-]{subsection.2.1.2}{Exams from UML \(Fall 2012\)}{section.2.1}% 28
\BOOKMARK [0][-]{chapter.3}{Calculus II}{part.1}% 29
\BOOKMARK [1][-]{section.3.1}{Lecture Notes}{chapter.3}% 30
\BOOKMARK [2][-]{subsection.3.1.1}{Notes on Infinite Series}{section.3.1}% 31
\BOOKMARK [2][-]{subsection.3.1.2}{Lecture Notes from 2012}{section.3.1}% 32
\BOOKMARK [1][-]{section.3.2}{Exams}{chapter.3}% 33
\BOOKMARK [2][-]{subsection.3.2.1}{Exams from UML \(Spring 2013\)}{section.3.2}% 34
\BOOKMARK [0][-]{chapter.4}{Calculus III}{part.1}% 35
\BOOKMARK [1][-]{section.4.1}{Exams}{chapter.4}% 36
\BOOKMARK [0][-]{chapter.5}{Differential Equations}{part.1}% 37
\BOOKMARK [1][-]{section.5.1}{Exams}{chapter.5}% 38
\BOOKMARK [0][-]{chapter.6}{Linear Algebra I}{part.1}% 39
\BOOKMARK [0][-]{chapter.7}{Linear Algebra II}{part.1}% 40
\BOOKMARK [1][-]{section.7.1}{Miscellaneous Lecture Notes}{chapter.7}% 41
\BOOKMARK [2][-]{subsection.7.1.1}{Orthogonal Projections}{section.7.1}% 42
\BOOKMARK [2][-]{subsection.7.1.2}{Reflections}{section.7.1}% 43
\BOOKMARK [2][-]{subsection.7.1.3}{Lecture Notes on Orthogonal Matrices}{section.7.1}% 44
\BOOKMARK [2][-]{subsection.7.1.4}{Rotations}{section.7.1}% 45
\BOOKMARK [2][-]{subsection.7.1.5}{The Matrix Exponential}{section.7.1}% 46
\BOOKMARK [2][-]{subsection.7.1.6}{Linear Systems of Ordinary Differential Equations}{section.7.1}% 47
\BOOKMARK [1][-]{section.7.2}{Problem Sets}{chapter.7}% 48
\BOOKMARK [2][-]{subsection.7.2.1}{Problem Set I}{section.7.2}% 49
\BOOKMARK [2][-]{subsection.7.2.2}{Problem Set II}{section.7.2}% 50
\BOOKMARK [2][-]{subsection.7.2.3}{Problem Set III}{section.7.2}% 51
\BOOKMARK [2][-]{subsection.7.2.4}{Problem Set IV}{section.7.2}% 52
\BOOKMARK [2][-]{subsection.7.2.5}{Problem Set V}{section.7.2}% 53
\BOOKMARK [2][-]{subsection.7.2.6}{Problem Set VI}{section.7.2}% 54
\BOOKMARK [2][-]{subsection.7.2.7}{Problem Set VII}{section.7.2}% 55
\BOOKMARK [2][-]{subsection.7.2.8}{Problem Set VIII}{section.7.2}% 56
\BOOKMARK [0][-]{chapter.8}{Discrete Structures I}{part.1}% 57
\BOOKMARK [1][-]{section.8.1}{Exams}{chapter.8}% 58
\BOOKMARK [2][-]{subsection.8.1.1}{Practice Exam I}{section.8.1}% 59
\BOOKMARK [2][-]{subsection.8.1.2}{Exam I}{section.8.1}% 60
\BOOKMARK [2][-]{subsection.8.1.3}{Practice Exam II}{section.8.1}% 61
\BOOKMARK [2][-]{subsection.8.1.4}{Exam II}{section.8.1}% 62
\BOOKMARK [2][-]{subsection.8.1.5}{Practice Exam III}{section.8.1}% 63
\BOOKMARK [2][-]{subsection.8.1.6}{Exam III}{section.8.1}% 64
\BOOKMARK [2][-]{subsection.8.1.7}{Final Exam}{section.8.1}% 65
\BOOKMARK [1][-]{section.8.2}{Quizzes}{chapter.8}% 66
\BOOKMARK [2][-]{subsection.8.2.1}{Quiz I}{section.8.2}% 67
\BOOKMARK [2][-]{subsection.8.2.2}{Quiz II}{section.8.2}% 68
\BOOKMARK [2][-]{subsection.8.2.3}{Quiz III}{section.8.2}% 69
\BOOKMARK [2][-]{subsection.8.2.4}{Quiz IV}{section.8.2}% 70
\BOOKMARK [2][-]{subsection.8.2.5}{Quiz V}{section.8.2}% 71
\BOOKMARK [0][-]{chapter.9}{Discrete Structures II}{part.1}% 72
\BOOKMARK [0][-]{chapter.10}{Mathematical Analysis}{part.1}% 73
\BOOKMARK [0][-]{chapter.11}{Fourier Analysis}{part.1}% 74
\BOOKMARK [0][-]{chapter.12}{Measure Theory}{part.1}% 75
\BOOKMARK [0][-]{chapter.13}{Functional Analysis}{part.1}% 76
\BOOKMARK [1][-]{section.13.1}{Lecture Notes from Summer 2015 \(UML\)}{chapter.13}% 77
\BOOKMARK [2][-]{subsection.13.1.1}{Summary of Lectures}{section.13.1}% 78
\BOOKMARK [1][-]{section.13.2}{Lecture Notes from Fall 2018 \(UML\)}{chapter.13}% 79
\BOOKMARK [2][-]{subsection.13.2.1}{Lecture 1: September 10, 2018}{section.13.2}% 80
\BOOKMARK [2][-]{subsection.13.2.2}{Lecture 2: September 17, 2018}{section.13.2}% 81
\BOOKMARK [2][-]{subsection.13.2.3}{Lecture 3: September 24, 2018}{section.13.2}% 82
\BOOKMARK [2][-]{subsection.13.2.4}{Lecture 4: October 1, 2018}{section.13.2}% 83
\BOOKMARK [2][-]{subsection.13.2.5}{Lecture 5: October 11, 2018}{section.13.2}% 84
\BOOKMARK [2][-]{subsection.13.2.6}{Lecture 6: October 15, 2018}{section.13.2}% 85
\BOOKMARK [1][-]{section.13.3}{Homework from Fall 2018 \(UML\)}{chapter.13}% 86
\BOOKMARK [2][-]{subsection.13.3.1}{Homework 1}{section.13.3}% 87
\BOOKMARK [2][-]{subsection.13.3.2}{Homework 2}{section.13.3}% 88
\BOOKMARK [0][-]{chapter.14}{Chaos Theory}{part.1}% 89
\BOOKMARK [0][-]{chapter.15}{Applied Mathematics}{part.1}% 90
\BOOKMARK [0][-]{chapter.16}{Mathematical Modelling}{part.1}% 91
\BOOKMARK [0][-]{chapter.17}{Problem Solving}{part.1}% 92
\BOOKMARK [0][-]{chapter.18}{Algebra}{part.1}% 93
\BOOKMARK [0][-]{chapter.19}{Number Theory}{part.1}% 94
\BOOKMARK [1][-]{section.19.1}{Exams from UML 92.413: Spring 2017}{chapter.19}% 95
\BOOKMARK [2][-]{subsection.19.1.1}{Exam I}{section.19.1}% 96
\BOOKMARK [0][-]{chapter.20}{Probability}{part.1}% 97
\BOOKMARK [0][-]{chapter.21}{Topology}{part.1}% 98
\BOOKMARK [0][-]{chapter.22}{Graph Theory}{part.1}% 99
\BOOKMARK [1][-]{section.22.1}{Graph Theory I}{chapter.22}% 100
\BOOKMARK [1][-]{section.22.2}{Graph Theory II}{chapter.22}% 101
\BOOKMARK [2][-]{subsection.22.2.1}{Spanning Trees}{section.22.2}% 102
\BOOKMARK [2][-]{subsection.22.2.2}{Product Graphs}{section.22.2}% 103
\BOOKMARK [2][-]{subsection.22.2.3}{Distance Properties of Graphs}{section.22.2}% 104
\BOOKMARK [1][-]{section.22.3}{Additional Material}{chapter.22}% 105
\BOOKMARK [2][-]{subsection.22.3.1}{F\341ry's Theorem}{section.22.3}% 106
\BOOKMARK [2][-]{subsection.22.3.2}{The Art Gallery Theorem}{section.22.3}% 107
\BOOKMARK [2][-]{subsection.22.3.3}{F\341ry's Theorem}{section.22.3}% 108
\BOOKMARK [2][-]{subsection.22.3.4}{Kuratowski's Theorem}{section.22.3}% 109
\BOOKMARK [2][-]{subsection.22.3.5}{Notes}{section.22.3}% 110
\BOOKMARK [0][-]{chapter.23}{Algebraic Geometry}{part.1}% 111
\BOOKMARK [1][-]{section.23.1}{Notes on Cox, Little, and O'Shea}{chapter.23}% 112
\BOOKMARK [2][-]{subsection.23.1.1}{Preliminaries}{section.23.1}% 113
\BOOKMARK [2][-]{subsection.23.1.2}{Geometry, Algebra, and Algorithms}{section.23.1}% 114
\BOOKMARK [2][-]{subsection.23.1.3}{Elimination Theory}{section.23.1}% 115
\BOOKMARK [2][-]{subsection.23.1.4}{Groebner Bases}{section.23.1}% 116
\BOOKMARK [2][-]{subsection.23.1.5}{The Algebra-Geometry Dictionary}{section.23.1}% 117
\BOOKMARK [2][-]{subsection.23.1.6}{Polynomials and Rational Functions on a Variety}{section.23.1}% 118
\BOOKMARK [1][-]{section.23.2}{Miscellaneous Notes}{chapter.23}% 119
\BOOKMARK [2][-]{subsection.23.2.1}{Groebner Bases}{section.23.2}% 120
\BOOKMARK [2][-]{subsection.23.2.2}{Elimination Theory}{section.23.2}% 121
\BOOKMARK [2][-]{subsection.23.2.3}{\311tale Cohomology}{section.23.2}% 122
\BOOKMARK [2][-]{subsection.23.2.4}{The Zariski Topology}{section.23.2}% 123
\BOOKMARK [2][-]{subsection.23.2.5}{Notes on Varieties}{section.23.2}% 124
\BOOKMARK [0][-]{chapter.24}{Surgery Theory}{part.1}% 125
\BOOKMARK [1][-]{section.24.1}{Lecture Notes from Spring 2017 \(Wellesley College\)}{chapter.24}% 126
\BOOKMARK [2][-]{subsection.24.1.1}{Lecture 1: Homotopy}{section.24.1}% 127
\BOOKMARK [2][-]{subsection.24.1.2}{Lecture 2: Surgery Structure Sets}{section.24.1}% 128
\BOOKMARK [2][-]{subsection.24.1.3}{Lecture 3: Vector Bundles}{section.24.1}% 129
\BOOKMARK [2][-]{subsection.24.1.4}{Lecture 4: Principal G-Bundles}{section.24.1}% 130
\BOOKMARK [2][-]{subsection.24.1.5}{Lecture 5: The Wall L-Groups}{section.24.1}% 131
\BOOKMARK [2][-]{subsection.24.1.6}{Lecture 6: The Brown Representation Theorem}{section.24.1}% 132
\BOOKMARK [1][-]{section.24.2}{Lecture Notes from Fall 2018 \(Wellesley College\)}{chapter.24}% 133
\BOOKMARK [2][-]{subsection.24.2.1}{Lecture 1: Singular and Simplicial Homology}{section.24.2}% 134
\BOOKMARK [0][-]{chapter.25}{GRE Mathematics Subject Test}{part.1}% 135
\BOOKMARK [1][-]{section.25.1}{Definitions and Theorems}{chapter.25}% 136
\BOOKMARK [2][-]{subsection.25.1.1}{Definitions}{section.25.1}% 137
\BOOKMARK [2][-]{subsection.25.1.2}{Theorems}{section.25.1}% 138
\BOOKMARK [1][-]{section.25.2}{Practice Tests}{chapter.25}% 139
\BOOKMARK [2][-]{subsection.25.2.1}{GRE0568}{section.25.2}% 140
\BOOKMARK [1][-]{section.25.3}{Notes from REA Mathematics}{chapter.25}% 141
\BOOKMARK [2][-]{subsection.25.3.1}{Polynomials and Equations}{section.25.3}% 142
\BOOKMARK [2][-]{subsection.25.3.2}{Inequalities}{section.25.3}% 143
\BOOKMARK [2][-]{subsection.25.3.3}{Linear Algebra}{section.25.3}% 144
\BOOKMARK [2][-]{subsection.25.3.4}{Abstract Algebra}{section.25.3}% 145
\BOOKMARK [-1][-]{part.2}{Coursework: Physics}{book.1}% 146
\BOOKMARK [0][-]{chapter.26}{Electromagnetism I}{part.2}% 147
\BOOKMARK [1][-]{section.26.1}{Homework from Fall 2013 \(UML\)}{chapter.26}% 148
\BOOKMARK [2][-]{subsection.26.1.1}{Homework I}{section.26.1}% 149
\BOOKMARK [2][-]{subsection.26.1.2}{Homework II}{section.26.1}% 150
\BOOKMARK [2][-]{subsection.26.1.3}{Homework III}{section.26.1}% 151
\BOOKMARK [2][-]{subsection.26.1.4}{Homework IV}{section.26.1}% 152
\BOOKMARK [2][-]{subsection.26.1.5}{Homework V}{section.26.1}% 153
\BOOKMARK [2][-]{subsection.26.1.6}{Homework VI}{section.26.1}% 154
\BOOKMARK [2][-]{subsection.26.1.7}{Homework VII}{section.26.1}% 155
\BOOKMARK [2][-]{subsection.26.1.8}{Homework VIII}{section.26.1}% 156
\BOOKMARK [2][-]{subsection.26.1.9}{Homework IX}{section.26.1}% 157
\BOOKMARK [2][-]{subsection.26.1.10}{Homework X}{section.26.1}% 158
\BOOKMARK [2][-]{subsection.26.1.11}{Homework XI}{section.26.1}% 159
\BOOKMARK [2][-]{subsection.26.1.12}{Homework XII}{section.26.1}% 160
\BOOKMARK [2][-]{subsection.26.1.13}{Homework XIII}{section.26.1}% 161
\BOOKMARK [1][-]{section.26.2}{Exams from Fall 2013 \(UML\)}{chapter.26}% 162
\BOOKMARK [2][-]{subsection.26.2.1}{Exam I}{section.26.2}% 163
\BOOKMARK [2][-]{subsection.26.2.2}{Exam II}{section.26.2}% 164
\BOOKMARK [2][-]{subsection.26.2.3}{Exam III}{section.26.2}% 165
\BOOKMARK [2][-]{subsection.26.2.4}{Practice Final Exam}{section.26.2}% 166
\BOOKMARK [2][-]{subsection.26.2.5}{Final Exam}{section.26.2}% 167
\BOOKMARK [0][-]{chapter.27}{Electromagnetism II}{part.2}% 168
\BOOKMARK [1][-]{section.27.1}{Homework}{chapter.27}% 169
\BOOKMARK [2][-]{subsection.27.1.1}{Homework I}{section.27.1}% 170
\BOOKMARK [0][-]{chapter.28}{Classical Mechanics}{part.2}% 171
\BOOKMARK [1][-]{section.28.1}{Notes}{chapter.28}% 172
\BOOKMARK [2][-]{subsection.28.2.1}{Old Notes on Lagrangians}{section.28.1}% 173
\BOOKMARK [0][-]{chapter.29}{Mathematical Physics I}{part.2}% 174
\BOOKMARK [1][-]{section.29.1}{Cheat Sheet}{chapter.29}% 175
\BOOKMARK [2][-]{subsection.29.1.1}{Series}{section.29.1}% 176
\BOOKMARK [2][-]{subsection.29.1.2}{Complex Variables}{section.29.1}% 177
\BOOKMARK [2][-]{subsection.29.1.3}{Matrices}{section.29.1}% 178
\BOOKMARK [2][-]{subsection.29.1.4}{Vectors}{section.29.1}% 179
\BOOKMARK [-1][-]{part.3}{Coursework: Miscellaneous}{book.1}% 180
\BOOKMARK [0][-]{chapter.30}{Programming Tutorials}{part.3}% 181
\BOOKMARK [1][-]{section.30.1}{Bash}{chapter.30}% 182
\BOOKMARK [2][-]{subsection.30.1.1}{Test Codes}{section.30.1}% 183
\BOOKMARK [2][-]{subsection.30.1.2}{Beta Version of RSSCONFIG Script}{section.30.1}% 184
\BOOKMARK [2][-]{subsection.30.1.3}{Using wget}{section.30.1}% 185
\BOOKMARK [1][-]{section.30.2}{C Programming}{chapter.30}% 186
\BOOKMARK [2][-]{subsection.30.2.1}{Tutorials from learn-c.org}{section.30.2}% 187
\BOOKMARK [1][-]{section.30.3}{IDL}{chapter.30}% 188
\BOOKMARK [2][-]{subsection.30.3.1}{Tutorials}{section.30.3}% 189
\BOOKMARK [1][-]{section.30.4}{Python}{chapter.30}% 190
\BOOKMARK [2][-]{subsection.30.4.1}{Tutorials from LearnPython.org}{section.30.4}% 191
\BOOKMARK [2][-]{subsection.30.4.2}{Miscellaneous Tests}{section.30.4}% 192
\BOOKMARK [0][-]{chapter.31}{UML General Education}{part.3}% 193
\BOOKMARK [1][-]{section.31.1}{Western Civilization}{chapter.31}% 194
\BOOKMARK [2][-]{subsection.31.1.1}{Notes for Exam I}{section.31.1}% 195
\BOOKMARK [2][-]{subsection.31.1.2}{Notes for Exam II}{section.31.1}% 196
\BOOKMARK [1][-]{section.31.2}{College Writing}{chapter.31}% 197
\BOOKMARK [2][-]{subsection.31.2.1}{Vocabulary}{section.31.2}% 198
\BOOKMARK [-2][-]{book.2}{ Book book: Undergraduate Research }{}% 199
\BOOKMARK [-1][-]{part.4}{Master's Work}{book.2}% 200
\BOOKMARK [0][-]{chapter.32}{Master's Work}{part.4}% 201
\BOOKMARK [1][-]{section.32.1}{Preliminaries}{chapter.32}% 202
\BOOKMARK [2][-]{subsection.32.1.1}{Set Theory}{section.32.1}% 203
\BOOKMARK [2][-]{subsection.32.1.2}{Algebra}{section.32.1}% 204
\BOOKMARK [2][-]{subsection.32.1.3}{Relations of Order}{section.32.1}% 205
\BOOKMARK [2][-]{subsection.32.1.4}{The Real Numbers}{section.32.1}% 206
\BOOKMARK [2][-]{subsection.32.1.5}{Equivalence and Transfinite Cardinal Numbers}{section.32.1}% 207
\BOOKMARK [2][-]{subsection.32.1.6}{Vector Spaces and Euclidean Spaces}{section.32.1}% 208
\BOOKMARK [2][-]{subsection.32.1.7}{Topology}{section.32.1}% 209
\BOOKMARK [2][-]{subsection.32.1.8}{Metric Spaces}{section.32.1}% 210
\BOOKMARK [2][-]{subsection.32.1.9}{Measure Theory}{section.32.1}% 211
\BOOKMARK [1][-]{section.32.2}{Calculus on Normed Spaces}{chapter.32}% 212
\BOOKMARK [2][-]{subsection.32.2.1}{Linear Transformations}{section.32.2}% 213
\BOOKMARK [2][-]{subsection.32.2.2}{Integration}{section.32.2}% 214
\BOOKMARK [2][-]{subsection.32.2.3}{Differentiation}{section.32.2}% 215
\BOOKMARK [2][-]{subsection.32.2.4}{Real Analysis}{section.32.2}% 216
\BOOKMARK [1][-]{section.32.3}{Convexity: Part I}{chapter.32}% 217
\BOOKMARK [2][-]{subsection.32.3.1}{Convex Sets}{section.32.3}% 218
\BOOKMARK [2][-]{subsection.32.3.2}{Convexity in the Euclidean Plane}{section.32.3}% 219
\BOOKMARK [-1][-]{part.5}{Translation of Vito Volterra's Mathematical Biology}{book.2}% 220
\BOOKMARK [0][-]{chapter*.770}{Preface}{part.5}% 221
\BOOKMARK [0][-]{chapter.33}{Introduction}{part.5}% 222
\BOOKMARK [1][-]{section.33.1}{Purpose of the Book}{chapter.33}% 223
\BOOKMARK [-1][-]{part.6}{Research: LoCSST}{book.2}% 224
\BOOKMARK [-1][-]{part.7}{Research: Whitin Observatory}{book.2}% 225
\BOOKMARK [0][-]{chapter.34}{Notes on Miscellaneous Papers}{part.7}% 226
\BOOKMARK [1][-]{section.34.1}{Cassini Radio Science User's Guide}{chapter.34}% 227
\BOOKMARK [1][-]{section.34.2}{Theory of Radio Occultation by Saturn's Rings}{chapter.34}% 228
\BOOKMARK [1][-]{section.34.3}{Profiling Saturn's Rings by Radio Occultation}{chapter.34}% 229
\BOOKMARK [1][-]{section.34.4}{Geometry of the Saturn System}{chapter.34}% 230
\BOOKMARK [1][-]{section.34.5}{Characteristics of Different Smoothing Windows}{chapter.34}% 231
\BOOKMARK [1][-]{section.34.6}{Partial-Wave Resonances}{chapter.34}% 232
\BOOKMARK [1][-]{section.34.7}{Hanning Function - Wolfram Article}{chapter.34}% 233
\BOOKMARK [1][-]{section.34.8}{Hamming Function - Wolfram Article}{chapter.34}% 234
\BOOKMARK [1][-]{section.34.9}{Understanding FFTs and Windowing}{chapter.34}% 235
\BOOKMARK [1][-]{section.34.10}{Low-Complexity Real-Time Single-Tone Phase and Frequency Estimation}{chapter.34}% 236
\BOOKMARK [1][-]{section.34.11}{One-Dimensional Phase Unwrapping Problem}{chapter.34}% 237
\BOOKMARK [1][-]{section.34.12}{Rev 280 Occultation}{chapter.34}% 238
\BOOKMARK [1][-]{section.34.13}{Rev 282 Occultation}{chapter.34}% 239
\BOOKMARK [0][-]{chapter.35}{Notes on the Mathematics of Cassini}{part.7}% 240
\BOOKMARK [1][-]{section.35.1}{Atmospheric Occultations}{chapter.35}% 241
\BOOKMARK [2][-]{subsection.35.1.1}{Titan Geometry}{section.35.1}% 242
\BOOKMARK [1][-]{section.35.2}{Ring Occultation}{chapter.35}% 243
\BOOKMARK [2][-]{subsection.35.2.1}{Ring Geometry}{section.35.2}% 244
\BOOKMARK [2][-]{subsection.35.2.2}{Derivations of Equations in MTR86}{section.35.2}% 245
\BOOKMARK [2][-]{subsection.35.2.3}{Shannon's Sampling Theorem}{section.35.2}% 246
\BOOKMARK [2][-]{subsection.35.2.4}{Diffraction Through a Square Well}{section.35.2}% 247
\BOOKMARK [2][-]{subsection.35.2.5}{Diffraction Through an Inverted Square Well}{section.35.2}% 248
\BOOKMARK [2][-]{subsection.35.2.6}{Radial Shift from a Linear Phase Offset}{section.35.2}% 249
\BOOKMARK [2][-]{subsection.35.2.7}{Some Useful Results}{section.35.2}% 250
\BOOKMARK [2][-]{subsection.35.2.8}{Some Notes on Fresnel Inversion}{section.35.2}% 251
\BOOKMARK [2][-]{subsection.35.2.9}{Window Width as a Function of Resolution}{section.35.2}% 252
\BOOKMARK [2][-]{subsection.35.2.10}{The Forward Model}{section.35.2}% 253
\BOOKMARK [2][-]{subsection.35.2.11}{Stationary Phase Approximation}{section.35.2}% 254
\BOOKMARK [2][-]{subsection.35.2.12}{Notes on the Fresnel Approximation}{section.35.2}% 255
\BOOKMARK [0][-]{chapter.36}{Cassini Interim January 2018 Report}{part.7}% 256
\BOOKMARK [1][-]{section.36.1}{Introduction}{chapter.36}% 257
\BOOKMARK [1][-]{section.36.2}{General Approach and Analysis Methods}{chapter.36}% 258
\BOOKMARK [2][-]{subsection.36.2.1}{Occultation Geometry}{section.36.2}% 259
\BOOKMARK [2][-]{subsection.36.2.2}{Calibrated Observed Diffraction Pattern of Direct Signal}{section.36.2}% 260
\BOOKMARK [2][-]{subsection.36.2.3}{Diffraction-Corrected Optical Depth Profiles}{section.36.2}% 261
\BOOKMARK [2][-]{subsection.36.2.4}{Additional Useful Information}{section.36.2}% 262
\BOOKMARK [1][-]{section.36.3}{Critical Tests of Processing Methods and Codes}{chapter.36}% 263
\BOOKMARK [2][-]{subsection.36.3.1}{Comparison with Cassini Radio Science User's Guide}{section.36.3}% 264
\BOOKMARK [2][-]{subsection.36.3.2}{Comparison with Existing Results on the PDS}{section.36.3}% 265
\BOOKMARK [2][-]{subsection.36.3.3}{Additional Tests}{section.36.3}% 266
\BOOKMARK [2][-]{subsection.36.3.4}{High Resolution F Ring Profiles}{section.36.3}% 267
\BOOKMARK [1][-]{section.36.4}{Proposed PDS Organization and Contents}{chapter.36}% 268
\BOOKMARK [2][-]{subsection.36.4.1}{Directory Structure}{section.36.4}% 269
\BOOKMARK [2][-]{subsection.36.4.2}{Sample Auxiliary Information}{section.36.4}% 270
\BOOKMARK [1][-]{section.36.5}{Data Pipeline}{chapter.36}% 271
\BOOKMARK [2][-]{subsection.36.5.1}{Conversion of Software to Python 3}{section.36.5}% 272
\BOOKMARK [2][-]{subsection.36.5.2}{Documentation}{section.36.5}% 273
\BOOKMARK [1][-]{section.36.6}{Future Milestones and Delivery Schedule}{chapter.36}% 274
\BOOKMARK [0][-]{chapter.37}{Easy Data Example}{part.7}% 275
\BOOKMARK [1][-]{section.37.1}{Example 1}{chapter.37}% 276
\BOOKMARK [1][-]{section.37.2}{Example 2}{chapter.37}% 277
\BOOKMARK [-2][-]{book.3}{ Book book: Encyclopedia Mathematica }{}% 278
\BOOKMARK [-1][-]{part.8}{Analysis}{book.3}% 279
\BOOKMARK [0][-]{chapter.38}{Analysis Summary}{part.8}% 280
\BOOKMARK [1][-]{section.38.1}{Definitions and Theorems}{chapter.38}% 281
\BOOKMARK [2][-]{subsection.38.1.1}{Definitions}{section.38.1}% 282
\BOOKMARK [2][-]{subsection.38.1.2}{Theorems}{section.38.1}% 283
\BOOKMARK [1][-]{section.38.2}{Notes}{chapter.38}% 284
\BOOKMARK [0][-]{section*.827}{Acronyms}{part.8}% 285
\BOOKMARK [0][-]{section*.829}{Glossary}{part.8}% 286
\BOOKMARK [0][-]{chapter*.831}{Bibliography}{part.8}% 287
